<?xml version="1.0" encoding="UTF-8"?>
<!-- Generated by org.testng.reporters.JUnitReportReporter -->
<testsuite hostname="Andrii" failures="0" tests="1" name="tests.AccountRelatedTests.NegativeNewAccountCreationTest" time="0.000" errors="0" timestamp="07 Aug 2019 13:49:28 GMT" skipped="1">
  <testcase classname="tests.AccountRelatedTests.NegativeNewAccountCreationTest" name="NewAccountCreationTest" time="0.000">
    <skipped/>
  </testcase> <!-- NewAccountCreationTest -->
</testsuite> <!-- tests.AccountRelatedTests.NegativeNewAccountCreationTest -->
