<?xml version="1.0" encoding="UTF-8"?>
<!-- Generated by org.testng.reporters.JUnitReportReporter -->
<testsuite hostname="Andrii" failures="0" tests="1" name="tests.NegativeTests.NegativeNewAccountCreationTest" time="6.572" errors="0" timestamp="05 Aug 2019 12:46:47 GMT" skipped="0">
  <testcase classname="tests.NegativeTests.NegativeNewAccountCreationTest" name="NewAccountCreationTest" time="6.572"/>
</testsuite> <!-- tests.NegativeTests.NegativeNewAccountCreationTest -->
