<?xml version="1.0" encoding="UTF-8"?>
<!-- Generated by org.testng.reporters.JUnitReportReporter -->
<testsuite hostname="Andrii" failures="0" tests="1" name="tests.ProjectRelatedTests.DeleteProjectTest" time="0.000" errors="0" timestamp="07 Aug 2019 13:49:28 GMT" skipped="1">
  <testcase classname="tests.ProjectRelatedTests.DeleteProjectTest" name="DeleteProjectTest" time="0.000">
    <skipped/>
  </testcase> <!-- DeleteProjectTest -->
</testsuite> <!-- tests.ProjectRelatedTests.DeleteProjectTest -->
