<?xml version="1.0" encoding="UTF-8"?>
<!-- Generated by org.testng.reporters.JUnitReportReporter -->
<testsuite hostname="Andrii" failures="0" tests="1" name="tests.TeamMembers.AddAndDeleteTeamMembersTest" time="0.000" errors="0" timestamp="07 Aug 2019 13:49:28 GMT" skipped="1">
  <testcase classname="tests.TeamMembers.AddAndDeleteTeamMembersTest" name="AddNewTeamMember" time="0.000">
    <skipped/>
  </testcase> <!-- AddNewTeamMember -->
</testsuite> <!-- tests.TeamMembers.AddAndDeleteTeamMembersTest -->
