<?xml version="1.0" encoding="UTF-8"?>
<!-- Generated by org.testng.reporters.JUnitReportReporter -->
<testsuite hostname="Andrii" failures="0" tests="1" name="tests.LoginPageElementsVisibilityTest" time="5.858" errors="0" timestamp="05 Aug 2019 12:46:47 GMT" skipped="0">
  <testcase classname="tests.LoginPageElementsVisibilityTest" name="elementsVisabilityTest" time="5.858"/>
</testsuite> <!-- tests.LoginPageElementsVisibilityTest -->
