<?xml version="1.0" encoding="UTF-8"?>
<!-- Generated by org.testng.reporters.JUnitReportReporter -->
<testsuite hostname="Andrii" failures="0" tests="1" name="tests.LoginRelatedTests.NegativeLoginTest" time="0.000" errors="0" timestamp="07 Aug 2019 13:49:28 GMT" skipped="1">
  <testcase classname="tests.LoginRelatedTests.NegativeLoginTest" name="NegativeLoginTest" time="0.000">
    <skipped/>
  </testcase> <!-- NegativeLoginTest -->
</testsuite> <!-- tests.LoginRelatedTests.NegativeLoginTest -->
