<?xml version="1.0" encoding="UTF-8"?>
<!-- Generated by org.testng.reporters.JUnitReportReporter -->
<testsuite hostname="Andrii" failures="0" tests="1" name="tests.ProjectRelatedTests.TeamMembers.AddAndDeleteTeamMembersTest" time="16.705" errors="0" timestamp="06 Aug 2019 14:41:13 GMT" skipped="0">
  <testcase classname="tests.ProjectRelatedTests.TeamMembers.AddAndDeleteTeamMembersTest" name="AddNewTeamMember" time="16.705"/>
</testsuite> <!-- tests.ProjectRelatedTests.TeamMembers.AddAndDeleteTeamMembersTest -->
